<?xml version="1.0" encoding="UTF-8"?>
<!-- Generated by org.testng.reporters.JUnitXMLReporter -->
<testsuite ignored="4" hostname="DESKTOP-6SO596L" failures="0" tests="2" name="Default test(failed)" time="31.316" errors="0" timestamp="2024-01-08T03:30:25 IST">
  <testcase classname="com.traval.qa.test.SearchHotelTest" name="@BeforeClass setup" time="31.019">
    <failure type="org.openqa.selenium.TimeoutException" message="timeout: Timed out receiving message from renderer: 9.161
  (Session info: chrome=120.0.6099.131)
Build info: version: &amp;apos;4.15.0&amp;apos;, revision: &amp;apos;1d14b5521b&amp;apos;
System info: os.name: &amp;apos;Windows 10&amp;apos;, os.arch: &amp;apos;amd64&amp;apos;, os.version: &amp;apos;10.0&amp;apos;, java.version: &amp;apos;17.0.7&amp;apos;
Driver info: org.openqa.selenium.chrome.ChromeDriver
Command: [dd4a459e6c4749a1c1dd18bf92d9ca09, get {url=https://godo.staging-1.app.travel.win/}]
Capabilities {acceptInsecureCerts: false, browserName: chrome, browserVersion: 120.0.6099.131, chrome: {chromedriverVersion: 120.0.6099.109 (3419140ab66..., userDataDir: C:\Users\ADMIN\AppData\Loca...}, fedcm:accounts: true, goog:chromeOptions: {debuggerAddress: localhost:65506}, networkConnectionEnabled: false, pageLoadStrategy: normal, platformName: windows, proxy: Proxy(), se:cdp: ws://localhost:65506/devtoo..., se:cdpVersion: 120.0.6099.131, setWindowRect: true, strictFileInteractability: false, timeouts: {implicit: 0, pageLoad: 300000, script: 30000}, unhandledPromptBehavior: dismiss and notify, webauthn:extension:credBlob: true, webauthn:extension:largeBlob: true, webauthn:extension:minPinLength: true, webauthn:extension:prf: true, webauthn:virtualAuthenticators: true}
Session ID: dd4a459e6c4749a1c1dd18bf92d9ca09">
      <![CDATA[org.openqa.selenium.TimeoutException: timeout: Timed out receiving message from renderer: 9.161
  (Session info: chrome=120.0.6099.131)
Build info: version: '4.15.0', revision: '1d14b5521b'
System info: os.name: 'Windows 10', os.arch: 'amd64', os.version: '10.0', java.version: '17.0.7'
Driver info: org.openqa.selenium.chrome.ChromeDriver
Command: [dd4a459e6c4749a1c1dd18bf92d9ca09, get {url=https://godo.staging-1.app.travel.win/}]
Capabilities {acceptInsecureCerts: false, browserName: chrome, browserVersion: 120.0.6099.131, chrome: {chromedriverVersion: 120.0.6099.109 (3419140ab66..., userDataDir: C:\Users\ADMIN\AppData\Loca...}, fedcm:accounts: true, goog:chromeOptions: {debuggerAddress: localhost:65506}, networkConnectionEnabled: false, pageLoadStrategy: normal, platformName: windows, proxy: Proxy(), se:cdp: ws://localhost:65506/devtoo..., se:cdpVersion: 120.0.6099.131, setWindowRect: true, strictFileInteractability: false, timeouts: {implicit: 0, pageLoad: 300000, script: 30000}, unhandledPromptBehavior: dismiss and notify, webauthn:extension:credBlob: true, webauthn:extension:largeBlob: true, webauthn:extension:minPinLength: true, webauthn:extension:prf: true, webauthn:virtualAuthenticators: true}
Session ID: dd4a459e6c4749a1c1dd18bf92d9ca09
at org.openqa.selenium.remote.codec.w3c.W3CHttpResponseCodec.createException(W3CHttpResponseCodec.java:200)
at org.openqa.selenium.remote.codec.w3c.W3CHttpResponseCodec.decode(W3CHttpResponseCodec.java:133)
at org.openqa.selenium.remote.codec.w3c.W3CHttpResponseCodec.decode(W3CHttpResponseCodec.java:52)
at org.openqa.selenium.remote.HttpCommandExecutor.execute(HttpCommandExecutor.java:191)
at org.openqa.selenium.remote.service.DriverCommandExecutor.invokeExecute(DriverCommandExecutor.java:200)
at org.openqa.selenium.remote.service.DriverCommandExecutor.execute(DriverCommandExecutor.java:175)
at org.openqa.selenium.remote.RemoteWebDriver.execute(RemoteWebDriver.java:607)
at org.openqa.selenium.remote.RemoteWebDriver.get(RemoteWebDriver.java:309)
at com.traval.qa.base.TestBaseGD.initialization1(TestBaseGD.java:28)
at com.traval.qa.test.SearchHotelTest.setup(SearchHotelTest.java:28)
at java.base/java.util.ArrayList.forEach(ArrayList.java:1511)
... Removed 30 stack frames]]>
    </failure>
  </testcase> <!-- @BeforeClass setup -->
  <testcase classname="com.traval.qa.test.SearchHotelTest" name="Validatebyclickingserchedhotel" time="0.0">
    <skipped/>
  </testcase> <!-- Validatebyclickingserchedhotel -->
  <testcase classname="com.traval.qa.test.SearchHotelTest" name="Validatebookpagebycheckingrequirment" time="0.001">
    <skipped/>
  </testcase> <!-- Validatebookpagebycheckingrequirment -->
  <testcase classname="com.traval.qa.test.SearchHotelTest" name="ValidatabyAddingRequirment" time="0.0">
    <ignored/>
  </testcase> <!-- ValidatabyAddingRequirment -->
  <testcase classname="com.traval.qa.test.SearchHotelTest" name="ValidatelistingPageTitle" time="0.0">
    <ignored/>
  </testcase> <!-- ValidatelistingPageTitle -->
  <testcase classname="com.traval.qa.test.SearchHotelTest" name="Acceptprivacypolicy1" time="0.0">
    <ignored/>
  </testcase> <!-- Acceptprivacypolicy1 -->
  <testcase classname="com.traval.qa.test.SearchHotelTest" name="ValidateHomePageTitle" time="0.0">
    <ignored/>
  </testcase> <!-- ValidateHomePageTitle -->
</testsuite> <!-- Default test(failed) -->
